<?xml version="1.0" encoding="UTF-8"?>
<!-- Generated by org.testng.reporters.JUnitXMLReporter -->
<testsuite hostname="kolla-PC" ignored="0" name="ebankingv1 Chrome Test" tests="1" failures="0" timestamp="24 Sep 2022 09:09:05 GMT" time="0.086" errors="0">
  <testcase name="@BeforeClass testParameterWithXML" time="0.0" classname="com.ebanking.testcases.BaseClass">
    <failure type="org.testng.TestNGException" message="
Parameter &amp;apos;driver&amp;apos; is required by BeforeClass on method testParameterWithXML but has not been marked @Optional or defined
in C:\Users\kolla\Downloads\selenium-java-4.1.4\ebankingv1\NewFile.xml">
      <![CDATA[org.testng.TestNGException: 
Parameter 'driver' is required by BeforeClass on method testParameterWithXML but has not been marked @Optional or defined
in C:\Users\kolla\Downloads\selenium-java-4.1.4\ebankingv1\NewFile.xml
... Removed 23 stack frames]]>
    </failure>
  </testcase> <!-- @BeforeClass testParameterWithXML -->
  <testcase name="@AfterClass teardown" time="0.0" classname="com.ebanking.testcases.BaseClass">
    <skipped/>
  </testcase> <!-- @AfterClass teardown -->
  <testcase name="registerater" time="0.0" classname="com.ebanking.testcases.Registration">
    <skipped/>
  </testcase> <!-- registerater -->
</testsuite> <!-- ebankingv1 Chrome Test -->
